<?xml version="1.0" encoding="UTF-8"?>
<testsuite xmlns:xsi="http://www.w3.org/2001/XMLSchema-instance" xsi:noNamespaceSchemaLocation="https://maven.apache.org/surefire/maven-surefire-plugin/xsd/surefire-test-report.xsd" name="org.lithium.AppTest" time="0.02" tests="1" errors="0" skipped="0" failures="0">
  <properties>
    <property name="gopherProxySet" value="false"/>
    <property name="awt.toolkit" value="sun.lwawt.macosx.LWCToolkit"/>
    <property name="file.encoding.pkg" value="sun.io"/>
    <property name="java.specification.version" value="1.8"/>
    <property name="sun.cpu.isalist" value=""/>
    <property name="sun.jnu.encoding" value="UTF-8"/>
    <property name="java.class.path" value="/Users/shekhar.dahore/Lithium/twitterlab/target/test-classes:/Users/shekhar.dahore/Lithium/twitterlab/target/classes:/Users/shekhar.dahore/.m2/repository/junit/junit/4.11/junit-4.11.jar:/Users/shekhar.dahore/.m2/repository/org/hamcrest/hamcrest-core/1.3/hamcrest-core-1.3.jar:/Users/shekhar.dahore/.m2/repository/io/dropwizard/dropwizard-assets/1.3.8/dropwizard-assets-1.3.8.jar:/Users/shekhar.dahore/.m2/repository/io/dropwizard/dropwizard-servlets/1.3.8/dropwizard-servlets-1.3.8.jar:/Users/shekhar.dahore/.m2/repository/io/dropwizard/metrics/metrics-annotation/4.0.2/metrics-annotation-4.0.2.jar:/Users/shekhar.dahore/.m2/repository/ch/qos/logback/logback-classic/1.2.3/logback-classic-1.2.3.jar:/Users/shekhar.dahore/.m2/repository/ch/qos/logback/logback-core/1.2.3/logback-core-1.2.3.jar:/Users/shekhar.dahore/.m2/repository/org/twitter4j/twitter4j-core/4.0.7/twitter4j-core-4.0.7.jar:/Users/shekhar.dahore/.m2/repository/io/dropwizard/dropwizard-core/1.3.8/dropwizard-core-1.3.8.jar:/Users/shekhar.dahore/.m2/repository/io/dropwizard/dropwizard-util/1.3.8/dropwizard-util-1.3.8.jar:/Users/shekhar.dahore/.m2/repository/com/fasterxml/jackson/core/jackson-annotations/2.9.0/jackson-annotations-2.9.0.jar:/Users/shekhar.dahore/.m2/repository/com/google/guava/guava/24.1.1-jre/guava-24.1.1-jre.jar:/Users/shekhar.dahore/.m2/repository/org/checkerframework/checker-compat-qual/2.0.0/checker-compat-qual-2.0.0.jar:/Users/shekhar.dahore/.m2/repository/com/google/errorprone/error_prone_annotations/2.1.3/error_prone_annotations-2.1.3.jar:/Users/shekhar.dahore/.m2/repository/com/google/j2objc/j2objc-annotations/1.1/j2objc-annotations-1.1.jar:/Users/shekhar.dahore/.m2/repository/org/codehaus/mojo/animal-sniffer-annotations/1.14/animal-sniffer-annotations-1.14.jar:/Users/shekhar.dahore/.m2/repository/com/google/code/findbugs/jsr305/3.0.2/jsr305-3.0.2.jar:/Users/shekhar.dahore/.m2/repository/joda-time/joda-time/2.9.9/joda-time-2.9.9.jar:/Users/shekhar.dahore/.m2/repository/io/dropwizard/dropwizard-jackson/1.3.8/dropwizard-jackson-1.3.8.jar:/Users/shekhar.dahore/.m2/repository/com/fasterxml/jackson/core/jackson-core/2.9.6/jackson-core-2.9.6.jar:/Users/shekhar.dahore/.m2/repository/com/fasterxml/jackson/core/jackson-databind/2.9.6/jackson-databind-2.9.6.jar:/Users/shekhar.dahore/.m2/repository/com/fasterxml/jackson/datatype/jackson-datatype-guava/2.9.6/jackson-datatype-guava-2.9.6.jar:/Users/shekhar.dahore/.m2/repository/com/fasterxml/jackson/datatype/jackson-datatype-jsr310/2.9.6/jackson-datatype-jsr310-2.9.6.jar:/Users/shekhar.dahore/.m2/repository/com/fasterxml/jackson/datatype/jackson-datatype-jdk8/2.9.6/jackson-datatype-jdk8-2.9.6.jar:/Users/shekhar.dahore/.m2/repository/com/fasterxml/jackson/module/jackson-module-parameter-names/2.9.6/jackson-module-parameter-names-2.9.6.jar:/Users/shekhar.dahore/.m2/repository/com/fasterxml/jackson/module/jackson-module-afterburner/2.9.6/jackson-module-afterburner-2.9.6.jar:/Users/shekhar.dahore/.m2/repository/com/fasterxml/jackson/datatype/jackson-datatype-joda/2.9.6/jackson-datatype-joda-2.9.6.jar:/Users/shekhar.dahore/.m2/repository/io/dropwizard/dropwizard-validation/1.3.8/dropwizard-validation-1.3.8.jar:/Users/shekhar.dahore/.m2/repository/org/hibernate/hibernate-validator/5.4.2.Final/hibernate-validator-5.4.2.Final.jar:/Users/shekhar.dahore/.m2/repository/javax/validation/validation-api/1.1.0.Final/validation-api-1.1.0.Final.jar:/Users/shekhar.dahore/.m2/repository/org/jboss/logging/jboss-logging/3.3.0.Final/jboss-logging-3.3.0.Final.jar:/Users/shekhar.dahore/.m2/repository/com/fasterxml/classmate/1.3.1/classmate-1.3.1.jar:/Users/shekhar.dahore/.m2/repository/org/glassfish/javax.el/3.0.0/javax.el-3.0.0.jar:/Users/shekhar.dahore/.m2/repository/org/javassist/javassist/3.22.0-GA/javassist-3.22.0-GA.jar:/Users/shekhar.dahore/.m2/repository/io/dropwizard/dropwizard-configuration/1.3.8/dropwizard-configuration-1.3.8.jar:/Users/shekhar.dahore/.m2/repository/com/fasterxml/jackson/dataformat/jackson-dataformat-yaml/2.9.6/jackson-dataformat-yaml-2.9.6.jar:/Users/shekhar.dahore/.m2/repository/org/yaml/snakeyaml/1.18/snakeyaml-1.18.jar:/Users/shekhar.dahore/.m2/repository/org/apache/commons/commons-lang3/3.7/commons-lang3-3.7.jar:/Users/shekhar.dahore/.m2/repository/org/apache/commons/commons-text/1.2/commons-text-1.2.jar:/Users/shekhar.dahore/.m2/repository/io/dropwizard/dropwizard-logging/1.3.8/dropwizard-logging-1.3.8.jar:/Users/shekhar.dahore/.m2/repository/io/dropwizard/metrics/metrics-logback/4.0.2/metrics-logback-4.0.2.jar:/Users/shekhar.dahore/.m2/repository/org/slf4j/jul-to-slf4j/1.7.25/jul-to-slf4j-1.7.25.jar:/Users/shekhar.dahore/.m2/repository/org/slf4j/log4j-over-slf4j/1.7.25/log4j-over-slf4j-1.7.25.jar:/Users/shekhar.dahore/.m2/repository/org/eclipse/jetty/jetty-util/9.4.11.v20180605/jetty-util-9.4.11.v20180605.jar:/Users/shekhar.dahore/.m2/repository/io/dropwizard/dropwizard-metrics/1.3.8/dropwizard-metrics-1.3.8.jar:/Users/shekhar.dahore/.m2/repository/io/dropwizard/dropwizard-jersey/1.3.8/dropwizard-jersey-1.3.8.jar:/Users/shekhar.dahore/.m2/repository/org/glassfish/jersey/core/jersey-server/2.25.1/jersey-server-2.25.1.jar:/Users/shekhar.dahore/.m2/repository/org/glassfish/jersey/core/jersey-common/2.25.1/jersey-common-2.25.1.jar:/Users/shekhar.dahore/.m2/repository/org/glassfish/jersey/bundles/repackaged/jersey-guava/2.25.1/jersey-guava-2.25.1.jar:/Users/shekhar.dahore/.m2/repository/org/glassfish/hk2/osgi-resource-locator/1.0.1/osgi-resource-locator-1.0.1.jar:/Users/shekhar.dahore/.m2/repository/org/glassfish/jersey/core/jersey-client/2.25.1/jersey-client-2.25.1.jar:/Users/shekhar.dahore/.m2/repository/javax/ws/rs/javax.ws.rs-api/2.0.1/javax.ws.rs-api-2.0.1.jar:/Users/shekhar.dahore/.m2/repository/org/glassfish/jersey/media/jersey-media-jaxb/2.25.1/jersey-media-jaxb-2.25.1.jar:/Users/shekhar.dahore/.m2/repository/javax/annotation/javax.annotation-api/1.2/javax.annotation-api-1.2.jar:/Users/shekhar.dahore/.m2/repository/org/glassfish/hk2/hk2-api/2.5.0-b32/hk2-api-2.5.0-b32.jar:/Users/shekhar.dahore/.m2/repository/org/glassfish/hk2/hk2-utils/2.5.0-b32/hk2-utils-2.5.0-b32.jar:/Users/shekhar.dahore/.m2/repository/org/glassfish/hk2/external/aopalliance-repackaged/2.5.0-b32/aopalliance-repackaged-2.5.0-b32.jar:/Users/shekhar.dahore/.m2/repository/org/glassfish/hk2/external/javax.inject/2.5.0-b32/javax.inject-2.5.0-b32.jar:/Users/shekhar.dahore/.m2/repository/org/glassfish/hk2/hk2-locator/2.5.0-b32/hk2-locator-2.5.0-b32.jar:/Users/shekhar.dahore/.m2/repository/org/glassfish/jersey/ext/jersey-metainf-services/2.25.1/jersey-metainf-services-2.25.1.jar:/Users/shekhar.dahore/.m2/repository/org/glassfish/jersey/ext/jersey-bean-validation/2.25.1/jersey-bean-validation-2.25.1.jar:/Users/shekhar.dahore/.m2/repository/io/dropwizard/metrics/metrics-jersey2/4.0.2/metrics-jersey2-4.0.2.jar:/Users/shekhar.dahore/.m2/repository/com/fasterxml/jackson/jaxrs/jackson-jaxrs-json-provider/2.9.6/jackson-jaxrs-json-provider-2.9.6.jar:/Users/shekhar.dahore/.m2/repository/com/fasterxml/jackson/jaxrs/jackson-jaxrs-base/2.9.6/jackson-jaxrs-base-2.9.6.jar:/Users/shekhar.dahore/.m2/repository/com/fasterxml/jackson/module/jackson-module-jaxb-annotations/2.9.6/jackson-module-jaxb-annotations-2.9.6.jar:/Users/shekhar.dahore/.m2/repository/org/glassfish/jersey/containers/jersey-container-servlet/2.25.1/jersey-container-servlet-2.25.1.jar:/Users/shekhar.dahore/.m2/repository/org/glassfish/jersey/containers/jersey-container-servlet-core/2.25.1/jersey-container-servlet-core-2.25.1.jar:/Users/shekhar.dahore/.m2/repository/org/eclipse/jetty/jetty-server/9.4.11.v20180605/jetty-server-9.4.11.v20180605.jar:/Users/shekhar.dahore/.m2/repository/javax/servlet/javax.servlet-api/3.1.0/javax.servlet-api-3.1.0.jar:/Users/shekhar.dahore/.m2/repository/org/eclipse/jetty/jetty-io/9.4.11.v20180605/jetty-io-9.4.11.v20180605.jar:/Users/shekhar.dahore/.m2/repository/org/eclipse/jetty/jetty-webapp/9.4.11.v20180605/jetty-webapp-9.4.11.v20180605.jar:/Users/shekhar.dahore/.m2/repository/org/eclipse/jetty/jetty-xml/9.4.11.v20180605/jetty-xml-9.4.11.v20180605.jar:/Users/shekhar.dahore/.m2/repository/org/eclipse/jetty/jetty-continuation/9.4.11.v20180605/jetty-continuation-9.4.11.v20180605.jar:/Users/shekhar.dahore/.m2/repository/io/dropwizard/dropwizard-jetty/1.3.8/dropwizard-jetty-1.3.8.jar:/Users/shekhar.dahore/.m2/repository/io/dropwizard/metrics/metrics-jetty9/4.0.2/metrics-jetty9-4.0.2.jar:/Users/shekhar.dahore/.m2/repository/org/eclipse/jetty/jetty-servlet/9.4.11.v20180605/jetty-servlet-9.4.11.v20180605.jar:/Users/shekhar.dahore/.m2/repository/org/eclipse/jetty/jetty-security/9.4.11.v20180605/jetty-security-9.4.11.v20180605.jar:/Users/shekhar.dahore/.m2/repository/org/eclipse/jetty/jetty-servlets/9.4.11.v20180605/jetty-servlets-9.4.11.v20180605.jar:/Users/shekhar.dahore/.m2/repository/org/eclipse/jetty/jetty-http/9.4.11.v20180605/jetty-http-9.4.11.v20180605.jar:/Users/shekhar.dahore/.m2/repository/io/dropwizard/dropwizard-lifecycle/1.3.8/dropwizard-lifecycle-1.3.8.jar:/Users/shekhar.dahore/.m2/repository/io/dropwizard/metrics/metrics-core/4.0.2/metrics-core-4.0.2.jar:/Users/shekhar.dahore/.m2/repository/io/dropwizard/metrics/metrics-jvm/4.0.2/metrics-jvm-4.0.2.jar:/Users/shekhar.dahore/.m2/repository/io/dropwizard/metrics/metrics-jmx/4.0.2/metrics-jmx-4.0.2.jar:/Users/shekhar.dahore/.m2/repository/io/dropwizard/metrics/metrics-servlets/4.0.2/metrics-servlets-4.0.2.jar:/Users/shekhar.dahore/.m2/repository/io/dropwizard/metrics/metrics-json/4.0.2/metrics-json-4.0.2.jar:/Users/shekhar.dahore/.m2/repository/com/papertrail/profiler/1.0.2/profiler-1.0.2.jar:/Users/shekhar.dahore/.m2/repository/io/dropwizard/metrics/metrics-healthchecks/4.0.2/metrics-healthchecks-4.0.2.jar:/Users/shekhar.dahore/.m2/repository/io/dropwizard/dropwizard-request-logging/1.3.8/dropwizard-request-logging-1.3.8.jar:/Users/shekhar.dahore/.m2/repository/ch/qos/logback/logback-access/1.2.3/logback-access-1.2.3.jar:/Users/shekhar.dahore/.m2/repository/net/sourceforge/argparse4j/argparse4j/0.8.1/argparse4j-0.8.1.jar:/Users/shekhar.dahore/.m2/repository/org/eclipse/jetty/toolchain/setuid/jetty-setuid-java/1.0.3/jetty-setuid-java-1.0.3.jar:/Users/shekhar.dahore/.m2/repository/org/slf4j/slf4j-api/1.7.25/slf4j-api-1.7.25.jar:/Users/shekhar.dahore/.m2/repository/org/slf4j/jcl-over-slf4j/1.7.25/jcl-over-slf4j-1.7.25.jar:/Users/shekhar.dahore/.m2/repository/org/springframework/spring/2.5.5/spring-2.5.5.jar:/Users/shekhar.dahore/.m2/repository/commons-logging/commons-logging/1.1.1/commons-logging-1.1.1.jar:"/>
    <property name="java.vm.vendor" value="Oracle Corporation"/>
    <property name="sun.arch.data.model" value="64"/>
    <property name="java.vendor.url" value="http://java.oracle.com/"/>
    <property name="user.timezone" value=""/>
    <property name="java.vm.specification.version" value="1.8"/>
    <property name="os.name" value="Mac OS X"/>
    <property name="user.country" value="IN"/>
    <property name="sun.java.launcher" value="SUN_STANDARD"/>
    <property name="sun.boot.library.path" value="/Library/Java/JavaVirtualMachines/jdk1.8.0_201.jdk/Contents/Home/jre/lib"/>
    <property name="sun.java.command" value="/Users/shekhar.dahore/Lithium/twitterlab/target/surefire/surefirebooter8931161863893806132.jar /Users/shekhar.dahore/Lithium/twitterlab/target/surefire 2019-02-19T10-26-56_643-jvmRun1 surefire8418976913552930851tmp surefire_06408295374921452905tmp"/>
    <property name="surefire.test.class.path" value="/Users/shekhar.dahore/Lithium/twitterlab/target/test-classes:/Users/shekhar.dahore/Lithium/twitterlab/target/classes:/Users/shekhar.dahore/.m2/repository/junit/junit/4.11/junit-4.11.jar:/Users/shekhar.dahore/.m2/repository/org/hamcrest/hamcrest-core/1.3/hamcrest-core-1.3.jar:/Users/shekhar.dahore/.m2/repository/io/dropwizard/dropwizard-assets/1.3.8/dropwizard-assets-1.3.8.jar:/Users/shekhar.dahore/.m2/repository/io/dropwizard/dropwizard-servlets/1.3.8/dropwizard-servlets-1.3.8.jar:/Users/shekhar.dahore/.m2/repository/io/dropwizard/metrics/metrics-annotation/4.0.2/metrics-annotation-4.0.2.jar:/Users/shekhar.dahore/.m2/repository/ch/qos/logback/logback-classic/1.2.3/logback-classic-1.2.3.jar:/Users/shekhar.dahore/.m2/repository/ch/qos/logback/logback-core/1.2.3/logback-core-1.2.3.jar:/Users/shekhar.dahore/.m2/repository/org/twitter4j/twitter4j-core/4.0.7/twitter4j-core-4.0.7.jar:/Users/shekhar.dahore/.m2/repository/io/dropwizard/dropwizard-core/1.3.8/dropwizard-core-1.3.8.jar:/Users/shekhar.dahore/.m2/repository/io/dropwizard/dropwizard-util/1.3.8/dropwizard-util-1.3.8.jar:/Users/shekhar.dahore/.m2/repository/com/fasterxml/jackson/core/jackson-annotations/2.9.0/jackson-annotations-2.9.0.jar:/Users/shekhar.dahore/.m2/repository/com/google/guava/guava/24.1.1-jre/guava-24.1.1-jre.jar:/Users/shekhar.dahore/.m2/repository/org/checkerframework/checker-compat-qual/2.0.0/checker-compat-qual-2.0.0.jar:/Users/shekhar.dahore/.m2/repository/com/google/errorprone/error_prone_annotations/2.1.3/error_prone_annotations-2.1.3.jar:/Users/shekhar.dahore/.m2/repository/com/google/j2objc/j2objc-annotations/1.1/j2objc-annotations-1.1.jar:/Users/shekhar.dahore/.m2/repository/org/codehaus/mojo/animal-sniffer-annotations/1.14/animal-sniffer-annotations-1.14.jar:/Users/shekhar.dahore/.m2/repository/com/google/code/findbugs/jsr305/3.0.2/jsr305-3.0.2.jar:/Users/shekhar.dahore/.m2/repository/joda-time/joda-time/2.9.9/joda-time-2.9.9.jar:/Users/shekhar.dahore/.m2/repository/io/dropwizard/dropwizard-jackson/1.3.8/dropwizard-jackson-1.3.8.jar:/Users/shekhar.dahore/.m2/repository/com/fasterxml/jackson/core/jackson-core/2.9.6/jackson-core-2.9.6.jar:/Users/shekhar.dahore/.m2/repository/com/fasterxml/jackson/core/jackson-databind/2.9.6/jackson-databind-2.9.6.jar:/Users/shekhar.dahore/.m2/repository/com/fasterxml/jackson/datatype/jackson-datatype-guava/2.9.6/jackson-datatype-guava-2.9.6.jar:/Users/shekhar.dahore/.m2/repository/com/fasterxml/jackson/datatype/jackson-datatype-jsr310/2.9.6/jackson-datatype-jsr310-2.9.6.jar:/Users/shekhar.dahore/.m2/repository/com/fasterxml/jackson/datatype/jackson-datatype-jdk8/2.9.6/jackson-datatype-jdk8-2.9.6.jar:/Users/shekhar.dahore/.m2/repository/com/fasterxml/jackson/module/jackson-module-parameter-names/2.9.6/jackson-module-parameter-names-2.9.6.jar:/Users/shekhar.dahore/.m2/repository/com/fasterxml/jackson/module/jackson-module-afterburner/2.9.6/jackson-module-afterburner-2.9.6.jar:/Users/shekhar.dahore/.m2/repository/com/fasterxml/jackson/datatype/jackson-datatype-joda/2.9.6/jackson-datatype-joda-2.9.6.jar:/Users/shekhar.dahore/.m2/repository/io/dropwizard/dropwizard-validation/1.3.8/dropwizard-validation-1.3.8.jar:/Users/shekhar.dahore/.m2/repository/org/hibernate/hibernate-validator/5.4.2.Final/hibernate-validator-5.4.2.Final.jar:/Users/shekhar.dahore/.m2/repository/javax/validation/validation-api/1.1.0.Final/validation-api-1.1.0.Final.jar:/Users/shekhar.dahore/.m2/repository/org/jboss/logging/jboss-logging/3.3.0.Final/jboss-logging-3.3.0.Final.jar:/Users/shekhar.dahore/.m2/repository/com/fasterxml/classmate/1.3.1/classmate-1.3.1.jar:/Users/shekhar.dahore/.m2/repository/org/glassfish/javax.el/3.0.0/javax.el-3.0.0.jar:/Users/shekhar.dahore/.m2/repository/org/javassist/javassist/3.22.0-GA/javassist-3.22.0-GA.jar:/Users/shekhar.dahore/.m2/repository/io/dropwizard/dropwizard-configuration/1.3.8/dropwizard-configuration-1.3.8.jar:/Users/shekhar.dahore/.m2/repository/com/fasterxml/jackson/dataformat/jackson-dataformat-yaml/2.9.6/jackson-dataformat-yaml-2.9.6.jar:/Users/shekhar.dahore/.m2/repository/org/yaml/snakeyaml/1.18/snakeyaml-1.18.jar:/Users/shekhar.dahore/.m2/repository/org/apache/commons/commons-lang3/3.7/commons-lang3-3.7.jar:/Users/shekhar.dahore/.m2/repository/org/apache/commons/commons-text/1.2/commons-text-1.2.jar:/Users/shekhar.dahore/.m2/repository/io/dropwizard/dropwizard-logging/1.3.8/dropwizard-logging-1.3.8.jar:/Users/shekhar.dahore/.m2/repository/io/dropwizard/metrics/metrics-logback/4.0.2/metrics-logback-4.0.2.jar:/Users/shekhar.dahore/.m2/repository/org/slf4j/jul-to-slf4j/1.7.25/jul-to-slf4j-1.7.25.jar:/Users/shekhar.dahore/.m2/repository/org/slf4j/log4j-over-slf4j/1.7.25/log4j-over-slf4j-1.7.25.jar:/Users/shekhar.dahore/.m2/repository/org/eclipse/jetty/jetty-util/9.4.11.v20180605/jetty-util-9.4.11.v20180605.jar:/Users/shekhar.dahore/.m2/repository/io/dropwizard/dropwizard-metrics/1.3.8/dropwizard-metrics-1.3.8.jar:/Users/shekhar.dahore/.m2/repository/io/dropwizard/dropwizard-jersey/1.3.8/dropwizard-jersey-1.3.8.jar:/Users/shekhar.dahore/.m2/repository/org/glassfish/jersey/core/jersey-server/2.25.1/jersey-server-2.25.1.jar:/Users/shekhar.dahore/.m2/repository/org/glassfish/jersey/core/jersey-common/2.25.1/jersey-common-2.25.1.jar:/Users/shekhar.dahore/.m2/repository/org/glassfish/jersey/bundles/repackaged/jersey-guava/2.25.1/jersey-guava-2.25.1.jar:/Users/shekhar.dahore/.m2/repository/org/glassfish/hk2/osgi-resource-locator/1.0.1/osgi-resource-locator-1.0.1.jar:/Users/shekhar.dahore/.m2/repository/org/glassfish/jersey/core/jersey-client/2.25.1/jersey-client-2.25.1.jar:/Users/shekhar.dahore/.m2/repository/javax/ws/rs/javax.ws.rs-api/2.0.1/javax.ws.rs-api-2.0.1.jar:/Users/shekhar.dahore/.m2/repository/org/glassfish/jersey/media/jersey-media-jaxb/2.25.1/jersey-media-jaxb-2.25.1.jar:/Users/shekhar.dahore/.m2/repository/javax/annotation/javax.annotation-api/1.2/javax.annotation-api-1.2.jar:/Users/shekhar.dahore/.m2/repository/org/glassfish/hk2/hk2-api/2.5.0-b32/hk2-api-2.5.0-b32.jar:/Users/shekhar.dahore/.m2/repository/org/glassfish/hk2/hk2-utils/2.5.0-b32/hk2-utils-2.5.0-b32.jar:/Users/shekhar.dahore/.m2/repository/org/glassfish/hk2/external/aopalliance-repackaged/2.5.0-b32/aopalliance-repackaged-2.5.0-b32.jar:/Users/shekhar.dahore/.m2/repository/org/glassfish/hk2/external/javax.inject/2.5.0-b32/javax.inject-2.5.0-b32.jar:/Users/shekhar.dahore/.m2/repository/org/glassfish/hk2/hk2-locator/2.5.0-b32/hk2-locator-2.5.0-b32.jar:/Users/shekhar.dahore/.m2/repository/org/glassfish/jersey/ext/jersey-metainf-services/2.25.1/jersey-metainf-services-2.25.1.jar:/Users/shekhar.dahore/.m2/repository/org/glassfish/jersey/ext/jersey-bean-validation/2.25.1/jersey-bean-validation-2.25.1.jar:/Users/shekhar.dahore/.m2/repository/io/dropwizard/metrics/metrics-jersey2/4.0.2/metrics-jersey2-4.0.2.jar:/Users/shekhar.dahore/.m2/repository/com/fasterxml/jackson/jaxrs/jackson-jaxrs-json-provider/2.9.6/jackson-jaxrs-json-provider-2.9.6.jar:/Users/shekhar.dahore/.m2/repository/com/fasterxml/jackson/jaxrs/jackson-jaxrs-base/2.9.6/jackson-jaxrs-base-2.9.6.jar:/Users/shekhar.dahore/.m2/repository/com/fasterxml/jackson/module/jackson-module-jaxb-annotations/2.9.6/jackson-module-jaxb-annotations-2.9.6.jar:/Users/shekhar.dahore/.m2/repository/org/glassfish/jersey/containers/jersey-container-servlet/2.25.1/jersey-container-servlet-2.25.1.jar:/Users/shekhar.dahore/.m2/repository/org/glassfish/jersey/containers/jersey-container-servlet-core/2.25.1/jersey-container-servlet-core-2.25.1.jar:/Users/shekhar.dahore/.m2/repository/org/eclipse/jetty/jetty-server/9.4.11.v20180605/jetty-server-9.4.11.v20180605.jar:/Users/shekhar.dahore/.m2/repository/javax/servlet/javax.servlet-api/3.1.0/javax.servlet-api-3.1.0.jar:/Users/shekhar.dahore/.m2/repository/org/eclipse/jetty/jetty-io/9.4.11.v20180605/jetty-io-9.4.11.v20180605.jar:/Users/shekhar.dahore/.m2/repository/org/eclipse/jetty/jetty-webapp/9.4.11.v20180605/jetty-webapp-9.4.11.v20180605.jar:/Users/shekhar.dahore/.m2/repository/org/eclipse/jetty/jetty-xml/9.4.11.v20180605/jetty-xml-9.4.11.v20180605.jar:/Users/shekhar.dahore/.m2/repository/org/eclipse/jetty/jetty-continuation/9.4.11.v20180605/jetty-continuation-9.4.11.v20180605.jar:/Users/shekhar.dahore/.m2/repository/io/dropwizard/dropwizard-jetty/1.3.8/dropwizard-jetty-1.3.8.jar:/Users/shekhar.dahore/.m2/repository/io/dropwizard/metrics/metrics-jetty9/4.0.2/metrics-jetty9-4.0.2.jar:/Users/shekhar.dahore/.m2/repository/org/eclipse/jetty/jetty-servlet/9.4.11.v20180605/jetty-servlet-9.4.11.v20180605.jar:/Users/shekhar.dahore/.m2/repository/org/eclipse/jetty/jetty-security/9.4.11.v20180605/jetty-security-9.4.11.v20180605.jar:/Users/shekhar.dahore/.m2/repository/org/eclipse/jetty/jetty-servlets/9.4.11.v20180605/jetty-servlets-9.4.11.v20180605.jar:/Users/shekhar.dahore/.m2/repository/org/eclipse/jetty/jetty-http/9.4.11.v20180605/jetty-http-9.4.11.v20180605.jar:/Users/shekhar.dahore/.m2/repository/io/dropwizard/dropwizard-lifecycle/1.3.8/dropwizard-lifecycle-1.3.8.jar:/Users/shekhar.dahore/.m2/repository/io/dropwizard/metrics/metrics-core/4.0.2/metrics-core-4.0.2.jar:/Users/shekhar.dahore/.m2/repository/io/dropwizard/metrics/metrics-jvm/4.0.2/metrics-jvm-4.0.2.jar:/Users/shekhar.dahore/.m2/repository/io/dropwizard/metrics/metrics-jmx/4.0.2/metrics-jmx-4.0.2.jar:/Users/shekhar.dahore/.m2/repository/io/dropwizard/metrics/metrics-servlets/4.0.2/metrics-servlets-4.0.2.jar:/Users/shekhar.dahore/.m2/repository/io/dropwizard/metrics/metrics-json/4.0.2/metrics-json-4.0.2.jar:/Users/shekhar.dahore/.m2/repository/com/papertrail/profiler/1.0.2/profiler-1.0.2.jar:/Users/shekhar.dahore/.m2/repository/io/dropwizard/metrics/metrics-healthchecks/4.0.2/metrics-healthchecks-4.0.2.jar:/Users/shekhar.dahore/.m2/repository/io/dropwizard/dropwizard-request-logging/1.3.8/dropwizard-request-logging-1.3.8.jar:/Users/shekhar.dahore/.m2/repository/ch/qos/logback/logback-access/1.2.3/logback-access-1.2.3.jar:/Users/shekhar.dahore/.m2/repository/net/sourceforge/argparse4j/argparse4j/0.8.1/argparse4j-0.8.1.jar:/Users/shekhar.dahore/.m2/repository/org/eclipse/jetty/toolchain/setuid/jetty-setuid-java/1.0.3/jetty-setuid-java-1.0.3.jar:/Users/shekhar.dahore/.m2/repository/org/slf4j/slf4j-api/1.7.25/slf4j-api-1.7.25.jar:/Users/shekhar.dahore/.m2/repository/org/slf4j/jcl-over-slf4j/1.7.25/jcl-over-slf4j-1.7.25.jar:/Users/shekhar.dahore/.m2/repository/org/springframework/spring/2.5.5/spring-2.5.5.jar:/Users/shekhar.dahore/.m2/repository/commons-logging/commons-logging/1.1.1/commons-logging-1.1.1.jar:"/>
    <property name="sun.cpu.endian" value="little"/>
    <property name="user.home" value="/Users/shekhar.dahore"/>
    <property name="user.language" value="en"/>
    <property name="java.specification.vendor" value="Oracle Corporation"/>
    <property name="java.home" value="/Library/Java/JavaVirtualMachines/jdk1.8.0_201.jdk/Contents/Home/jre"/>
    <property name="basedir" value="/Users/shekhar.dahore/Lithium/twitterlab"/>
    <property name="file.separator" value="/"/>
    <property name="line.separator" value="&#10;"/>
    <property name="java.vm.specification.vendor" value="Oracle Corporation"/>
    <property name="java.specification.name" value="Java Platform API Specification"/>
    <property name="java.awt.graphicsenv" value="sun.awt.CGraphicsEnvironment"/>
    <property name="surefire.real.class.path" value="/Users/shekhar.dahore/Lithium/twitterlab/target/surefire/surefirebooter8931161863893806132.jar"/>
    <property name="sun.boot.class.path" value="/Library/Java/JavaVirtualMachines/jdk1.8.0_201.jdk/Contents/Home/jre/lib/resources.jar:/Library/Java/JavaVirtualMachines/jdk1.8.0_201.jdk/Contents/Home/jre/lib/rt.jar:/Library/Java/JavaVirtualMachines/jdk1.8.0_201.jdk/Contents/Home/jre/lib/sunrsasign.jar:/Library/Java/JavaVirtualMachines/jdk1.8.0_201.jdk/Contents/Home/jre/lib/jsse.jar:/Library/Java/JavaVirtualMachines/jdk1.8.0_201.jdk/Contents/Home/jre/lib/jce.jar:/Library/Java/JavaVirtualMachines/jdk1.8.0_201.jdk/Contents/Home/jre/lib/charsets.jar:/Library/Java/JavaVirtualMachines/jdk1.8.0_201.jdk/Contents/Home/jre/lib/jfr.jar:/Library/Java/JavaVirtualMachines/jdk1.8.0_201.jdk/Contents/Home/jre/classes"/>
    <property name="sun.management.compiler" value="HotSpot 64-Bit Tiered Compilers"/>
    <property name="java.runtime.version" value="1.8.0_201-b09"/>
    <property name="user.name" value="shekhar.dahore"/>
    <property name="path.separator" value=":"/>
    <property name="os.version" value="10.14.1"/>
    <property name="java.endorsed.dirs" value="/Library/Java/JavaVirtualMachines/jdk1.8.0_201.jdk/Contents/Home/jre/lib/endorsed"/>
    <property name="java.runtime.name" value="Java(TM) SE Runtime Environment"/>
    <property name="file.encoding" value="US-ASCII"/>
    <property name="java.vm.name" value="Java HotSpot(TM) 64-Bit Server VM"/>
    <property name="localRepository" value="/Users/shekhar.dahore/.m2/repository"/>
    <property name="java.vendor.url.bug" value="http://bugreport.sun.com/bugreport/"/>
    <property name="java.io.tmpdir" value="/var/folders/fc/jfh9wm3j3sqd251tv2bwwh080000gn/T/"/>
    <property name="idea.version" value="2018.3.3"/>
    <property name="java.version" value="1.8.0_201"/>
    <property name="user.dir" value="/Users/shekhar.dahore/Lithium/twitterlab"/>
    <property name="os.arch" value="x86_64"/>
    <property name="java.vm.specification.name" value="Java Virtual Machine Specification"/>
    <property name="java.awt.printerjob" value="sun.lwawt.macosx.CPrinterJob"/>
    <property name="sun.os.patch.level" value="unknown"/>
    <property name="java.library.path" value="/Users/shekhar.dahore/Library/Java/Extensions:/Library/Java/Extensions:/Network/Library/Java/Extensions:/System/Library/Java/Extensions:/usr/lib/java:."/>
    <property name="java.vm.info" value="mixed mode"/>
    <property name="java.vendor" value="Oracle Corporation"/>
    <property name="java.vm.version" value="25.201-b09"/>
    <property name="java.ext.dirs" value="/Users/shekhar.dahore/Library/Java/Extensions:/Library/Java/JavaVirtualMachines/jdk1.8.0_201.jdk/Contents/Home/jre/lib/ext:/Library/Java/Extensions:/Network/Library/Java/Extensions:/System/Library/Java/Extensions:/usr/lib/java"/>
    <property name="sun.io.unicode.encoding" value="UnicodeBig"/>
    <property name="java.class.version" value="52.0"/>
  </properties>
  <testcase name="shouldAnswerWithTrue" classname="org.lithium.AppTest" time="0.001"/>
</testsuite>